<?xml version="1.0" encoding="UTF-8"?>
<!-- Generated by org.testng.reporters.JUnitReportReporter -->
<testsuite hostname="DESKTOP-C7IP91G" failures="0" tests="1" name="TMS_Regression_Suite.Project_Task_Creation" time="22.789" errors="0" timestamp="2024-03-13T15:56:53 IST" skipped="0">
  <testcase classname="TMS_Regression_Suite.Project_Task_Creation" name="Submit_timesheetWithout_isbillabletoggle" time="22.789"/>
</testsuite> <!-- TMS_Regression_Suite.Project_Task_Creation -->
