<?xml version="1.0" encoding="UTF-8"?>
<!-- Generated by org.testng.reporters.JUnitReportReporter -->
<testsuite hostname="DESKTOP-C7IP91G" failures="0" tests="1" name="TMS_Regression_Suite.Project_Task_Creation" time="21.100" errors="0" timestamp="2024-03-18T12:18:37 IST" skipped="0">
  <testcase classname="TMS_Regression_Suite.Project_Task_Creation" name="Submit_timesheetWithout_isbillabletoggle" time="21.100"/>
</testsuite> <!-- TMS_Regression_Suite.Project_Task_Creation -->
